[0m[31m2026-04-24 09:02:24.797 (   0.361s) [        294E2240]      vtkDataWriter.cxx:191    ERR| vtkPolyDataWriter (0x59cdb59dcd60): Unable to open file: /dev/shm/post/init-0000000000.liggghts.vtk[0m
[0m[31m2026-04-24 09:02:24.797 (   0.361s) [        294E2240]      vtkDataWriter.cxx:191    ERR| vtkRectilinearGridWriter (0x59cdb59e1d70): Unable to open file: /dev/shm/post/init-0000000000.liggghts_boundingBox.vtk[0m
[0m[31m2026-04-24 09:02:36.280 (  11.844s) [        294E2240]      vtkDataWriter.cxx:191    ERR| vtkPolyDataWriter (0x59cdb59e1f50): Unable to open file: /dev/shm/post/init-0000001000.liggghts.vtk[0m
[0m[31m2026-04-24 09:02:36.280 (  11.844s) [        294E2240]      vtkDataWriter.cxx:191    ERR| vtkRectilinearGridWriter (0x59cdb81c4bb0): Unable to open file: /dev/shm/post/init-0000001000.liggghts_boundingBox.vtk[0m
[0m[31m2026-04-24 09:02:47.342 (  22.906s) [        294E2240]      vtkDataWriter.cxx:191    ERR| vtkPolyDataWriter (0x59cdb59e1f50): Unable to open file: /dev/shm/post/init-0000002000.liggghts.vtk[0m
[0m[31m2026-04-24 09:02:47.342 (  22.906s) [        294E2240]      vtkDataWriter.cxx:191    ERR| vtkRectilinearGridWriter (0x59cdb8200140): Unable to open file: /dev/shm/post/init-0000002000.liggghts_boundingBox.vtk[0m
LIGGGHTS (Version LIGGGHTS-PFM 24.01, compiled 2026-04-13-07:49:32 by cdldsks, git commit f25c15c99d72e2d9b1b9e0045bfd84885c3b9b83, based on LAMMPS 23 Nov 2013)
Created orthogonal box = (-0.0615 -0.001 -0.0615) to (0.0615 0.064 0.0615)
  1 by 1 by 1 MPI processor grid
SURFACE/DEFAULT loaded
HERTZ loaded
COHESION/SJKR loaded
TANGENTIAL/HISTORY loaded
EPSD3 loaded

Reading STL file 'meshes/shell.stl' 

Reading STL file 'meshes/cov1.stl' 

Reading STL file 'meshes/cov2.stl' 
SURFACE/DEFAULT loaded
HERTZ loaded
COHESION/SJKR loaded
TANGENTIAL/HISTORY loaded
EPSD3 loaded
Fix particledistribution/discrete (id pdd1): distribution based on mass%:
    pts1: d=1.380000e-03 (max. bounding sphere) mass%=100.000000%
Fix particledistribution/discrete (id pdd1): distribution based on number%:
    pts1: d=1.380000e-03 (max. bounding sphere) number%=100.000000%
WARNING: The following model does not yield consistent results with coarse-graining: cohesion model sjkr (/home/cdldsks/CFDEM/LIGGGHTS/src/cohesion_model_sjkr.h:59)
WARNING: The following model does not yield consistent results with coarse-graining: cohesion model sjkr (/home/cdldsks/CFDEM/LIGGGHTS/src/cohesion_model_sjkr.h:59)
Setting up run ...
Import and parallelization of mesh cad1 containing 480 triangle(s) successful
Import and parallelization of mesh cad2 containing 274 triangle(s) successful
Import and parallelization of mesh cad3 containing 274 triangle(s) successful
INFO: Resetting random generator for region cylReg
INFO: Particle insertion ins: inserting every 200 steps
Memory usage per processor = 18.0368 Mbytes
Step Atoms KinEng Volume Time CPU CPULeft 
       0        0           -0  0.000983385            0            0            0 
insertion: proc 0 at 0 %
insertion: proc 0 at 10 %
insertion: proc 0 at 20 %
insertion: proc 0 at 30 %
insertion: proc 0 at 40 %
insertion: proc 0 at 50 %
insertion: proc 0 at 60 %
insertion: proc 0 at 70 %
insertion: proc 0 at 80 %
insertion: proc 0 at 90 %
insertion: proc 0 at 100 %
INFO: Particle insertion ins: inserted 76476 particle templates (mass 0.596997) at step 1
 - a total of 76476 particle templates (mass 0.596997) inserted so far.
     100    76476   0.11550011  0.000983385 0.0010416667   0.70521946    69.816752 
     200    76476   0.10623172  0.000983385 0.0020833333    1.4737034    72.211478 
INFO: Particle insertion ins: inserted 1 particle templates (mass 0.000008) at step 201
 - a total of 76477 particle templates (mass 0.597005) inserted so far.
     300    76477   0.10130355  0.000983385     0.003125    2.4292409    78.545466 
     400    76477  0.098768518  0.000983385 0.0041666667    3.4655594    83.173432 
     500    76477  0.097779315  0.000983385 0.0052083333     4.637638    88.115126 
     600    76477  0.097568138  0.000983385      0.00625    5.8570707     91.76078 
     700    76477  0.097895655  0.000983385 0.0072916667    7.1890029    95.511043 
     800    76477  0.098608883  0.000983385 0.0083333333    8.5453385    98.271398 
     900    76477  0.099560582  0.000983385     0.009375    10.004945    101.16112 
mass: 0.597004849516701
count: 76477
    1000    76477   0.10064565  0.000983385  0.010416667    11.483357    103.35021 
    1100    76477   0.10183584  0.000983385  0.011458333     12.50702    101.19316 
    1200    76477   0.10306306  0.000983385       0.0125    13.541824    99.306717 
    1300    76477   0.10433495  0.000983385  0.013541667    14.602026    97.721257 
    1400    76477   0.10571586  0.000983385  0.014583333    15.653399      96.1566 
    1500    76477   0.10703871  0.000983385     0.015625     16.76071     94.97736 
    1600    76477    0.1083998  0.000983385  0.016666667    17.857712    93.752989 
    1700    76477   0.10969305  0.000983385  0.017708333    19.014151    92.833801 
    1800    76477   0.11085446  0.000983385      0.01875    20.156197    91.822679 
    1900    76477   0.11197025  0.000983385  0.019791667    21.353751    91.034413 
mass: 0.597004849516701
count: 76477
    2000    76477   0.11301885  0.000983385  0.020833333    22.545161    90.180646 
    2100    7647[0m[31m2026-04-24 09:03:00.258 (  35.822s) [        294E2240]      vtkDataWriter.cxx:191    ERR| vtkPolyDataWriter (0x59cdb59e1f50): Unable to open file: /dev/shm/post/init-0000003000.liggghts.vtk[0m
[0m[31m2026-04-24 09:03:00.258 (  35.822s) [        294E2240]      vtkDataWriter.cxx:191    ERR| vtkRectilinearGridWriter (0x59cdb8217cf0): Unable to open file: /dev/shm/post/init-0000003000.liggghts_boundingBox.vtk[0m
[0m[31m2026-04-24 09:03:14.518 (  50.082s) [        294E2240]      vtkDataWriter.cxx:191    ERR| vtkPolyDataWriter (0x59cdb59e1f50): Unable to open file: /dev/shm/post/init-0000004000.liggghts.vtk[0m
[0m[31m2026-04-24 09:03:14.518 (  50.083s) [        294E2240]      vtkDataWriter.cxx:191    ERR| vtkRectilinearGridWriter (0x59cdb81be060): Unable to open file: /dev/shm/post/init-0000004000.liggghts_boundingBox.vtk[0m
[0m[31m2026-04-24 09:03:29.824 (  65.388s) [        294E2240]      vtkDataWriter.cxx:191    ERR| vtkPolyDataWriter (0x59cdb59e1f50): Unable to open file: /dev/shm/post/init-0000005000.liggghts.vtk[0m
[0m[31m2026-04-24 09:03:29.824 (  65.388s) [        294E2240]      vtkDataWriter.cxx:191    ERR| vtkRectilinearGridWriter (0x59cdb82c6460): Unable to open file: /dev/shm/post/init-0000005000.liggghts_boundingBox.vtk[0m
[0m[31m2026-04-24 09:03:45.979 (  81.544s) [        294E2240]      vtkDataWriter.cxx:191    ERR| vtkPolyDataWriter (0x59cdb59e1f50): Unable to open file: /dev/shm/post/init-0000006000.liggghts.vtk[0m
[0m[31m2026-04-24 09:03:45.980 (  81.544s) [        294E2240]      vtkDataWriter.cxx:191    ERR| vtkRectilinearGridWriter (0x59cdb81c8290): Unable to open file: /dev/shm/post/init-0000006000.liggghts_boundingBox.vtk[0m
7   0.11400477  0.000983385     0.021875    23.769429    89.418332 
    2200    76477   0.11492703  0.000983385  0.022916667    24.968696    88.525378 
    2300    76477   0.11574099  0.000983385  0.023958333    26.223791    87.792695 
    2400    76477   0.11651264  0.000983385        0.025    27.494074     87.06457 
    2500    76477   0.11701552  0.000983385  0.026041667    28.779513     86.33854 
    2600    76477   0.11736916  0.000983385  0.027083333    30.082966    85.620751 
    2700    76477   0.11751684  0.000983385     0.028125    31.402414    84.902826 
    2800    76477   0.11760377  0.000983385  0.029166667    32.737482    84.182097 
    2900    76477   0.11768552  0.000983385  0.030208333    34.086299    83.452664 
mass: 0.597004849516701
count: 76477
    3000    76477    0.1175122  0.000983385      0.03125    35.461577    82.743682 
    3100    76477   0.11719721  0.000983385  0.032291667    36.829464     81.97526 
    3200    76477   0.11659626  0.000983385  0.033333333     38.20518    81.186008 
    3300    76477   0.11568754  0.000983385     0.034375    39.595756    80.391385 
    3400    76477   0.11452943  0.000983385  0.035416667    40.999472    79.587213 
    3500    76477   0.11325463  0.000983385  0.036458333    42.416612    78.773709 
    3600    76477   0.11191892  0.000983385       0.0375    43.843542    77.944076 
    3700    76477    0.1104552  0.000983385  0.038541667    45.284518    77.106073 
    3800    76477   0.10878696  0.000983385  0.039583333      46.7337    76.249721 
    3900    76477   0.10705055  0.000983385     0.040625    48.237458    75.448333 
mass: 0.597004849516701
count: 76477
    4000    76477   0.10512648  0.000983385  0.041666667    49.721725    74.582589 
    4100    76477   0.10322596  0.000983385  0.042708333    51.236002    73.729857 
    4200    76477   0.10105322  0.000983385      0.04375    52.711764    72.792437 
    4300    76477  0.098689382  0.000983385  0.044791667    54.234978    71.892878 
    4400    76477  0.096114191  0.000983385  0.045833333    55.732419    70.932171 
    4500    76477  0.093313193  0.000983385     0.046875    57.282612    70.012082 
    4600    76477  0.090580544  0.000983385  0.047916667    58.797974    69.023709 
    4700    76477  0.087866047  0.000983385  0.048958333    60.327616    68.029014 
    4800    76477  0.084848024  0.000983385         0.05    61.866477    67.022018 
    4900    76477  0.081562618  0.000983385  0.051041667    63.461458    66.051723 
mass: 0.597004849516701
count: 76477
    5000    76477  0.078026968  0.000983385  0.052083333    65.027381    65.027382 
    5100    76477  0.074418531  0.000983385     0.053125    66.626275     64.01348 
    5200    76477  0.070741059  0.000983385  0.054166667    68.178519    62.934018 
    5300    76477  0.066908452  0.000983385  0.055208333    69.785189    61.884979 
    5400    76477  0.062602206  0.000983385      0.05625    71.354874    60.783782 
    5500    76477  0.058227097  0.000983385  0.057291667     72.98246    59.712923 
    5600    76477   0.05401457  0.000983385  0.058333333    74.577522    58.596625 
    5700    76477  0.049884412  0.000983385     0.059375    76.235112    57.510699 
    5800    76477  0.045755929  0.000983385  0.060416667    77.855995    56.378479 
    5900    76477  0.041722949  0.000983385  0.061458333    79.538597    55.272585 
mass: 0.597004849516701
count: 76477
    6000    76477  0.037534678  0.000983385       0.0625     81.18298    54.121987 
    6100    76477  0.033176078  0.000983385  0.063541667    82.857895     52.97472 
    6200    76477   0.02882766  0.000983385  0.064583333    84.484094    51.780574 
    6300    76477  0.024682918  0.000983385     0.065625    86.173096    50.609596 
    6400    76477  0.020828878  0.000983385  0.066666667    87.819865    49.398674 
    6500    76477  0.017331222  0.000983385  0.067708333    89.523966    48.205213 
    6600    76477  0.013855598  0.000983385      0.06875    91.182853    46.972985 
    6700    76477  0.010375139  0.000983385  0.069791667     92.90402    45.758697 
    6800    7647[0m[31m2026-04-24 09:04:02.843 (  98.407s) [        294E2240]      vtkDataWriter.cxx:191    ERR| vtkPolyDataWriter (0x59cdb59e1f50): Unable to open file: /dev/shm/post/init-0000007000.liggghts.vtk[0m
[0m[31m2026-04-24 09:04:02.843 (  98.407s) [        294E2240]      vtkDataWriter.cxx:191    ERR| vtkRectilinearGridWriter (0x59cdb8276a20): Unable to open file: /dev/shm/post/init-0000007000.liggghts_boundingBox.vtk[0m
[0m[31m2026-04-24 09:04:20.255 ( 115.819s) [        294E2240]      vtkDataWriter.cxx:191    ERR| vtkPolyDataWriter (0x59cdb59e1f50): Unable to open file: /dev/shm/post/init-0000008000.liggghts.vtk[0m
[0m[31m2026-04-24 09:04:20.255 ( 115.819s) [        294E2240]      vtkDataWriter.cxx:191    ERR| vtkRectilinearGridWriter (0x59cdb82e1390): Unable to open file: /dev/shm/post/init-0000008000.liggghts_boundingBox.vtk[0m
[0m[31m2026-04-24 09:04:37.103 ( 132.667s) [        294E2240]      vtkDataWriter.cxx:191    ERR| vtkPolyDataWriter (0x59cdb59e1f50): Unable to open file: /dev/shm/post/init-0000009000.liggghts.vtk[0m
[0m[31m2026-04-24 09:04:37.103 ( 132.667s) [        294E2240]      vtkDataWriter.cxx:191    ERR| vtkRectilinearGridWriter (0x59cdb82c1d00): Unable to open file: /dev/shm/post/init-0000009000.liggghts_boundingBox.vtk[0m
[0m[31m2026-04-24 09:04:52.458 ( 148.022s) [        294E2240]      vtkDataWriter.cxx:191    ERR| vtkPolyDataWriter (0x59cdb59e1f50): Unable to open file: /dev/shm/post/init-0000010000.liggghts.vtk[0m
[0m[31m2026-04-24 09:04:52.458 ( 148.022s) [        294E2240]      vtkDataWriter.cxx:191    ERR| vtkRectilinearGridWriter (0x59cdb81c43a0): Unable to open file: /dev/shm/post/init-0000010000.liggghts_boundingBox.vtk[0m
7 0.0072443107  0.000983385  0.070833333    94.585328    44.510743 
    6900    76477 0.0047694587  0.000983385     0.071875     96.33385    43.280426 
mass: 0.597004849516701
count: 76477
    7000    76477 0.0030990829  0.000983385  0.072916667    98.046439    42.019903 
    7100    76477 0.0021267973  0.000983385  0.073958333    99.792807    40.760443 
    7200    76477 0.0015699043  0.000983385        0.075    101.48671    39.467053 
    7300    76477 0.0013308836  0.000983385  0.076041667    103.23712    38.183591 
    7400    76477  0.001197079  0.000983385  0.077083333    104.94825    36.873711 
    7500    76477 0.0011255446  0.000983385     0.078125    106.71925    35.573084 
    7600    76477 0.0010355859  0.000983385  0.079166667    108.44116    34.244576 
    7700    76477 0.00092361064  0.000983385  0.080208333    110.21854    32.922423 
    7800    76477 0.00077791704  0.000983385      0.08125    111.94596    31.574502 
    7900    76477 0.00062581629  0.000983385  0.082291667    113.67107     30.21636 
mass: 0.597004849516701
count: 76477
    8000    76477 0.00048948674  0.000983385  0.083333333    115.45834    28.864586 
    8100    76477 0.00035300371  0.000983385     0.084375      117.233    27.499098 
    8200    76477 0.00025117424  0.000983385  0.085416667     118.8921    26.098266 
    8300    76477 0.00017309407  0.000983385  0.086458333    120.59609    24.700405 
    8400    76477 0.00011751589  0.000983385       0.0875     122.2876    23.292876 
    8500    76477 7.3948811e-05  0.000983385  0.088541667    123.96851    21.876796 
    8600    76477 5.8506858e-05  0.000983385  0.089583333    125.62993    20.451384 
    8700    76477 6.2329479e-05  0.000983385     0.090625    127.28706    19.019906 
    8800    76477 8.5923976e-05  0.000983385  0.091666667    128.95004    17.584096 
    8900    76477 0.00011287804  0.000983385  0.092708333    130.62058    16.144117 
mass: 0.597004849516701
count: 76477
    9000    76477 0.00014011563  0.000983385      0.09375    132.30616    14.700684 
    9100    76477 0.00015554367  0.000983385  0.094791667    133.99441    13.252194 
    9200    76477 0.00015616968  0.000983385  0.095833333    135.62526    11.793501 
    9300    76477 0.0001525206  0.000983385     0.096875    137.20648     10.32737 
    9400    76477 0.00013769037  0.000983385  0.097916667    138.68374     8.852154 
    9500    76477 0.0001125399  0.000983385  0.098958333    140.20784    7.3793602 
    9600    76477 8.2118423e-05  0.000983385          0.1    141.72507    5.9052112 
    9700    76477 5.1656477e-05  0.000983385   0.10104167    143.23282    4.4298809 
    9800    76477 2.6738406e-05  0.000983385   0.10208333    144.72572    2.9535861 
    9900    76477 1.1311055e-05  0.000983385     0.103125    146.19762    1.4767437 
mass: 0.597004849516701
count: 76477
   10000    76477 6.7376157e-06  0.000983385   0.10416667    147.66141            0 
Loop time of 147.661 on 1 procs for 10000 steps with 76477 atoms
Max time of 147.661 on 1 procs for 10000 steps with 76477 atoms

Pair  time (%) = 113.049 (76.5599)
Max Pair time (ib) = 113.049 (0)
Neigh time (%) = 13.9404 (9.44078)
Max Neigh time (ib) = 13.9404 (0)
Comm  time (%) = 0.158963 (0.107654)
Max Comm time (ib) = 0.158963 (0)
Outpt time (%) = 0.101926 (0.0690265)
Max Outpt time (ib) = 0.101926 (0)
Other time (%) = 20.4107 (13.8226)
Max Other time (ib) = 20.4107 (0)

Nlocal:    76477 ave 76477 max 76477 min
Histogram: 1 0 0 0 0 0 0 0 0 0
Nghost:    0 ave 0 max 0 min
Histogram: 1 0 0 0 0 0 0 0 0 0
Neighs:    461938 ave 461938 max 461938 min
Histogram: 1 0 0 0 0 0 0 0 0 0

Total # of neighbors = 461938
Ave neighs/atom = 6.04022
Neighbor list builds = 385
Dangerous builds = 0
0.597004849516701
WARNING: The following model does not yield consistent results with coarse-graining: cohesion model sjkr (/home/cdldsks/CFDEM/LIGGGHTS/src/cohesion_model_sjkr.h:59)
WARNING: The following model does not yield consistent results with coarse-graining: cohesion model sjkr (/home/cdldsks/CFDEM/LIGGGHTS/src/cohesion_model_sjkr.h:59)
Setting up run ...
Memory usa[0m[31m2026-04-24 09:05:06.926 ( 162.490s) [        294E2240]      vtkDataWriter.cxx:191    ERR| vtkPolyDataWriter (0x59cdb59e1f50): Unable to open file: /dev/shm/post/init-0000011000.liggghts.vtk[0m
[0m[31m2026-04-24 09:05:06.926 ( 162.490s) [        294E2240]      vtkDataWriter.cxx:191    ERR| vtkRectilinearGridWriter (0x59cdb824fc60): Unable to open file: /dev/shm/post/init-0000011000.liggghts_boundingBox.vtk[0m
ge per processor = 98.2581 Mbytes
Step Atoms KinEng Volume Time CPU CPULeft 
   10000    76477 6.7376157e-06  0.000983385   0.10416667            0            0 
   10100    76477 1.1830195e-05  0.000983385   0.10520833    1.3946813    12.552133 
   10200    76477 2.2663384e-05  0.000983385      0.10625    2.7890732    11.156294 
   10300    76477 3.3870221e-05  0.000983385   0.10729167    4.1915722    9.7803357 
   10400    76477 4.1713951e-05  0.000983385   0.10833333    5.6580654    8.4870987 
   10500    76477 4.4161655e-05  0.000983385     0.109375    7.0844622    7.0844624 
   10600    76477 4.1010911e-05  0.000983385   0.11041667    8.5727307     5.715154 
   10700    76477 3.3568343e-05  0.000983385   0.11145833     10.01395    4.2916933 
   10800    76477 2.3738026e-05  0.000983385       0.1125     11.45724    2.8643103 
   10900    76477 1.3962965e-05  0.000983385   0.11354167    12.950793    1.4389771 
mass: 0.597004849516701
count: 76477
   11000    76477 6.3401219e-06  0.000983385   0.11458333    14.387234            0 
Loop time of 14.3872 on 1 procs for 1000 steps with 76477 atoms
Max time of 14.3872 on 1 procs for 1000 steps with 76477 atoms

Pair  time (%) = 12.4843 (86.7736)
Max Pair time (ib) = 12.4843 (0)
Neigh time (%) = 0.124484 (0.865236)
Max Neigh time (ib) = 0.124484 (0)
Comm  time (%) = 0.00146357 (0.0101727)
Max Comm time (ib) = 0.00146357 (0)
Outpt time (%) = 0.00931581 (0.0647505)
Max Outpt time (ib) = 0.00931581 (0)
Other time (%) = 1.76765 (12.2863)
Max Other time (ib) = 1.76765 (0)

Nlocal:    76477 ave 76477 max 76477 min
Histogram: 1 0 0 0 0 0 0 0 0 0
Nghost:    0 ave 0 max 0 min
Histogram: 1 0 0 0 0 0 0 0 0 0
Neighs:    461087 ave 461087 max 461087 min
Histogram: 1 0 0 0 0 0 0 0 0 0

Total # of neighbors = 461087
Ave neighs/atom = 6.02909
Neighbor list builds = 3
Dangerous builds = 0
System init for write_restart ...
WARNING: The following model does not yield consistent results with coarse-graining: cohesion model sjkr (/home/cdldsks/CFDEM/LIGGGHTS/src/cohesion_model_sjkr.h:59)
WARNING: The following model does not yield consistent results with coarse-graining: cohesion model sjkr (/home/cdldsks/CFDEM/LIGGGHTS/src/cohesion_model_sjkr.h:59)
initialization done
